<?xml version="1.0" encoding="UTF-8"?>
<!-- Generated by org.testng.reporters.JUnitReportReporter -->
<testsuite hostname="DESKTOP-UTNLN27" failures="0" tests="1" name="com.facebook.tests.PageFactoryLoginTest" time="1.275" errors="0" timestamp="2024-07-28T15:50:27 IST" skipped="0">
  <testcase classname="com.facebook.tests.PageFactoryLoginTest" name="loginTest" time="1.275"/>
  <system-out/>
</testsuite> <!-- com.facebook.tests.PageFactoryLoginTest -->
